[2026-07-13 17:16:30] [Source: SCHEDULER] 2GIS: success (100 st) | T-Bank: success (150 st)
[2026-07-13 17:17:44] [Source: SCHEDULER] 2GIS: success (100 st) | T-Bank: success (150 st)
[2026-07-13 17:17:57] [Source: MANUAL] 2GIS: success (100 st) | T-Bank: success (150 st)
[2026-07-13 17:19:11] [Source: SCHEDULER] 2GIS: success (100 st) | T-Bank: success (150 st)
[2026-07-13 17:19:15] [Source: WEB_BUTTON] 2GIS: success (100 st) | T-Bank: success (150 st)
[2026-07-13 17:31:00] [Source: SCHEDULER] 2GIS: success (200 st) | T-Bank: success (190 st)
[2026-07-13 20:43:37] [Source: MANUAL] 2GIS: success (200 st) | T-Bank: success (190 st)
[2026-07-13 20:45:44] [Source: MANUAL] 2GIS: success (200 st) | T-Bank: success (190 st)
[2026-07-14 00:00:03] [Source: MANUAL] 2GIS: success (200 st) | T-Bank: success (190 st)
[2026-07-14 00:30:03] [Source: MANUAL] 2GIS: success (200 st) | T-Bank: success (190 st)
[2026-07-14 06:26:34] [Source: WEB_BUTTON] 2GIS: success (200 st) | T-Bank: success (190 st)
[2026-07-14 06:26:35] [Source: WEB_BUTTON] 2GIS: success (200 st) | T-Bank: success (190 st)
[2026-07-14 06:30:08] [Source: MANUAL] 2GIS: success (200 st) | T-Bank: success (190 st)
[2026-07-14 06:30:56] [Source: WEB_BUTTON] 2GIS: success (200 st) | T-Bank: success (190 st)
[2026-07-14 06:31:10] [Source: MANUAL] 2GIS: success (200 st) | T-Bank: success (190 st)
[2026-07-14 06:35:38] [Source: WEB_BUTTON] 2GIS: success (200 st) | T-Bank: success (190 st)
[2026-07-14 06:35:40] [Source: WEB_BUTTON] 2GIS: success (200 st) | T-Bank: success (190 st)
[2026-07-14 07:00:02] [Source: MANUAL] 2GIS: success (200 st) | T-Bank: success (190 st)
[2026-07-14 07:30:02] [Source: MANUAL] 2GIS: success (200 st) | T-Bank: success (190 st)
[2026-07-14 08:00:03] [Source: MANUAL] 2GIS: success (200 st) | T-Bank: success (190 st)
[2026-07-14 08:30:03] [Source: MANUAL] 2GIS: success (200 st) | T-Bank: success (190 st)
[2026-07-14 09:00:03] [Source: MANUAL] 2GIS: success (200 st) | T-Bank: success (190 st)
[2026-07-14 09:30:02] [Source: MANUAL] 2GIS: success (200 st) | T-Bank: success (190 st)
[2026-07-14 09:57:04] [Source: WEB_BUTTON] 2GIS: success (200 st) | T-Bank: success (190 st)
[2026-07-14 09:57:56] [Source: WEB_BUTTON] 2GIS: success (200 st) | T-Bank: success (190 st)
[2026-07-14 09:59:01] [Source: WEB_BUTTON] 2GIS: success (200 st) | T-Bank: success (190 st)
[2026-07-14 10:00:02] [Source: MANUAL] 2GIS: success (200 st) | T-Bank: success (190 st)
[2026-07-14 10:10:12] [Source: SCHEDULER] 2GIS: success (200 st) | T-Bank: success (190 st)
[2026-07-14 10:30:02] [Source: SCHEDULER] 2GIS: success (200 st) | T-Bank: success (190 st)
[2026-07-14 11:00:02] [Source: SCHEDULER] 2GIS: success (200 st) | T-Bank: success (190 st)
[2026-07-14 11:11:49] [Source: WEB_BUTTON] 2GIS: success (200 st) | T-Bank: success (190 st)
[2026-07-14 11:30:03] [Source: SCHEDULER] 2GIS: success (200 st) | T-Bank: success (190 st)
[2026-07-14 12:00:03] [Source: SCHEDULER] 2GIS: success (200 st) | T-Bank: success (190 st)
[2026-07-14 12:30:03] [Source: SCHEDULER] 2GIS: success (200 st) | T-Bank: success (190 st)
[2026-07-14 12:49:18] [Source: WEB_BUTTON] 2GIS: success (200 st) | T-Bank: success (190 st)
[2026-07-14 13:00:03] [Source: SCHEDULER] 2GIS: success (200 st) | T-Bank: success (190 st)
[2026-07-14 13:13:35] [Source: WEB_BUTTON] KAZAN: 2GIS error ([Errno 13] Permission denied: '/volume1/web/azs/data_2gis_kazan.json') (200 st) | T-Bank error ([Errno 13] Permission denied: '/volume1/web/azs/data_tbank_kazan.json') (190 st) | SPB: 2GIS error ([Errno 13] Permission denied: '/volume1/web/azs/data_2gis_spb.json') (200 st) | T-Bank error ([Errno 13] Permission denied: '/volume1/web/azs/data_tbank_spb.json') (300 st)
[2026-07-14 13:13:37] [Source: WEB_BUTTON] KAZAN: 2GIS error ([Errno 13] Permission denied: '/volume1/web/azs/data_2gis_kazan.json') (200 st) | T-Bank error ([Errno 13] Permission denied: '/volume1/web/azs/data_tbank_kazan.json') (190 st) | SPB: 2GIS error ([Errno 13] Permission denied: '/volume1/web/azs/data_2gis_spb.json') (200 st) | T-Bank error ([Errno 13] Permission denied: '/volume1/web/azs/data_tbank_spb.json') (300 st)
[2026-07-14 13:14:03] [Source: WEB_BUTTON] KAZAN: 2GIS success (200 st) | T-Bank success (190 st) | SPB: 2GIS success (200 st) | T-Bank success (300 st)
[2026-07-14 13:14:05] [Source: WEB_BUTTON] KAZAN: 2GIS success (200 st) | T-Bank success (190 st) | SPB: 2GIS success (200 st) | T-Bank success (300 st)
[2026-07-14 13:15:29] [Source: WEB_BUTTON] KAZAN: 2GIS success (200 st) | T-Bank success (190 st) | SPB: 2GIS success (200 st) | T-Bank success (300 st)
[2026-07-14 10:33:42] [Source: SCHEDULER] KAZAN: 2GIS success (200 st) | T-Bank success (190 st) | SPB: 2GIS success (200 st) | T-Bank success (300 st)
[2026-07-14 10:52:24] [Source: SCHEDULER] KAZAN: 2GIS success (200 st) | T-Bank success (190 st) | SPB: 2GIS success (200 st) | T-Bank success (300 st)
[2026-07-14 12:10:35] [Source: SCHEDULER] KAZAN: 2GIS success (200 st) | T-Bank success (190 st) | SPB: 2GIS success (200 st) | T-Bank success (300 st)
[2026-07-14 14:24:13] [Source: SCHEDULER] KAZAN: 2GIS success (200 st) | T-Bank success (190 st) | SPB: 2GIS success (200 st) | T-Bank success (300 st)
[2026-07-14 15:56:34] [Source: SCHEDULER] KAZAN: 2GIS success (200 st) | T-Bank success (190 st) | SPB: 2GIS error (HTTP Error 503: Service Unavailable) (0 st) | T-Bank success (300 st)
[2026-07-14 17:16:45] [Source: SCHEDULER] KAZAN: 2GIS success (200 st) | T-Bank success (190 st) | SPB: 2GIS success (200 st) | T-Bank success (300 st)
[2026-07-14 18:38:32] [Source: SCHEDULER] KAZAN: 2GIS success (200 st) | T-Bank success (190 st) | SPB: 2GIS success (200 st) | T-Bank success (300 st)
[2026-07-14 19:00:50] [Source: SCHEDULER] KAZAN: 2GIS success (200 st) | T-Bank success (190 st) | SPB: 2GIS success (200 st) | T-Bank success (300 st) | MOSCOW: 2GIS success (200 st) | T-Bank success (300 st)
[2026-07-14 20:10:13] [Source: SCHEDULER] KAZAN: 2GIS success (200 st) | T-Bank success (190 st) | SPB: 2GIS success (200 st) | T-Bank success (300 st) | MOSCOW: 2GIS success (200 st) | T-Bank success (300 st)
[2026-07-14 21:30:32] [Source: SCHEDULER] KAZAN: 2GIS success (200 st) | T-Bank success (190 st) | SPB: 2GIS success (200 st) | T-Bank success (300 st) | MOSCOW: 2GIS success (200 st) | T-Bank success (300 st)
